
=== boot_smoke_test ===
    Finished `release` profile [optimized] target(s) in 0.00s
ok: found "AxiomRT kernel booted"
ok: found "arch=riscv64"
ok: found "phase=boot"
PASS: boot smoke test

=== memory_isolation_qemu_test ===
ok[read-kernel]: page fault contained, reason=user_access_kernel_memory, kernel survived
ok[write-unmapped]: page fault contained, reason=user_access_unmapped, kernel survived
ok[exec-nonexec]: page fault contained, reason=user_execute_nonexecutable, kernel survived
PASS: memory isolation QEMU tests

=== two_task_qemu_test ===
ok: TASK_STARTED task=task_a
ok: TASK_STARTED task=task_b
ok: SCHED selected=task_b
ok: SCHED selected=task_a
ok: TASK_EXITED task=task_a
ok: TASK_EXITED task=task_b
ok: phase=multitask-demo-complete
PASS: two-task dispatch test

=== timer_preemption_qemu_test ===
ok: TASK_STARTED task=low_loop
ok: TASK_STARTED task=critical_task
ok: TIMER tick=1
ok: SCHED preempt=low_loop selected=critical_task
ok: SYSCALL name=sys_yield task=critical_task
ok: TASK_EXITED task=critical_task
ok: no PANIC (kernel stayed alive under the infinite loop)
PASS: timer preemption test

=== watchdog_qemu_test ===
ok: TASK_STARTED task=faulty_task
ok: TASK_STARTED task=critical_task
ok: FAULT type=WatchdogTimeout task=faulty_task
ok: CONTAIN scope=user reason=watchdog_timeout action=faulted kernel=alive
ok: SCHED selected=critical_task
ok: no PANIC (kernel stayed alive; CPU exhaustion contained)
PASS: watchdog test

=== ipc_rendezvous_qemu_test ===
ok: TASK_STARTED task=receiver
ok: TASK_STARTED task=sender
ok: IPC recv task=receiver
ok: state=blocked
ok: IPC send task=sender
ok: IPC delivered bytes=4
ok: TASK_EXITED task=sender
ok: TASK_EXITED task=receiver
ok: no PANIC
PASS: IPC rendezvous test

=== capability_qemu_test ===
ok: TASK_STARTED task=faulty_task
ok: CAP_DENIED task=faulty_task reason=no_valid_capability
ok: IPC state=unchanged
ok: IPC send task=good_sender
ok: IPC delivered bytes=4
ok: no PANIC
PASS: capability enforcement test

=== supervisor_qemu_test ===
ok: TASK_STARTED task=supervisor_task
ok: TASK_STARTED task=logger_task
ok: FAULT type=WatchdogTimeout task=faulty_task
ok: IPC delivered fault_event to=supervisor_task
ok: LOGGER event=TASK_FAULTED task=faulty_task
ok: RECOVERY_APPLIED policy=Kill
ok: no PANIC
PASS: supervisor test

=== full_fault_containment_demo_qemu_test ===
ok: TASK_STARTED task=critical_task
ok: TASK_STARTED task=supervisor_task
ok: TASK_STARTED task=logger_task
ok: TASK_STARTED task=faulty_task
ok: CAP_DENIED task=faulty_task reason=no_valid_capability
ok: IPC state=unchanged
ok: FAULT type=WatchdogTimeout task=faulty_task
ok: IPC delivered fault_event to=supervisor_task
ok: LOGGER event=TASK_FAULTED task=faulty_task
ok: RECOVERY_APPLIED policy=Kill
ok: critical_task continues (kept being scheduled)
ok: no PANIC (kernel alive under attack)
PASS: full fault-containment demo (DEMO result=pass)

=== os_shell_qemu_test ===
building os_boot kernel
    Finished `release` profile [optimized] target(s) in 0.01s
booting QEMU (scripted shell session)
ok: found "AxiomRT kernel booted"
ok: found "MMU status=enabled mode=sv39 scope=kernel"
ok: found "TASK_STARTED task=init_service"
ok: found "SERVICE started=supervisor_service"
ok: found "SERVICE started=logger_service"
ok: found "SERVICE started=console_service"
ok: found "SERVICE started=shell_service"
ok: found "axiom> "
ok: found "commands: help version tasks faults ipc caps memory uptime events"
ok: found "task idx=4 name=shell_service prio=3 state=running"
ok: found "uptime ticks="
ok: found "SERVICE started=faulty_task"
ok: found "CAP_DENIED task=faulty_task reason=no_valid_capability"
ok: found "FAULT type=WatchdogTimeout task=faulty_task"
ok: found "CONTAIN scope=user reason=watchdog_timeout action=faulted kernel=alive"
ok: found "RECOVERY_APPLIED policy=Kill"
ok: found "SHUTDOWN controlled=true by=shell_service"
ok: QEMU exited 0 (controlled poweroff, not timeout)
restoring default build
PASS: OS shell test

=== app_loader_qemu_test ===
building os_boot kernel
    Finished `release` profile [optimized] target(s) in 0.00s
booting QEMU (scripted app session)
ok: found "SERVICE started=app_loader_service"
ok: found "axiom> "
ok: found "apps: hello fault_demo counter"
ok: found "hello: greeter prio=2 caps=console restart=rerun"
ok: found "SERVICE started=hello"
ok: found "hello from app: hello"
ok: found "TASK_EXITED task=hello"
ok: found "APP counter progress=1"
ok: found "APP counter progress=3"
ok: found "APP counter done"
ok: found "TASK_EXITED task=counter"
ok: found "SERVICE started=fault_demo"
ok: found "CAP_DENIED task=fault_demo"
ok: found "FAULT type=WatchdogTimeout task=fault_demo"
ok: found "CONTAIN scope=user reason=watchdog_timeout action=faulted kernel=alive"
ok: found "RECOVERY_APPLIED policy=Kill"
ok: found "uptime ticks="
ok: found "SHUTDOWN controlled=true by=shell_service"
ok: QEMU exited 0 (controlled poweroff, not timeout)
restoring default build
PASS: app loader test

=== kernel host tests ===
    Finished `test` profile [unoptimized + debuginfo] target(s) in 0.00s
     Running unittests src/lib.rs (target/x86_64-unknown-linux-gnu/debug/deps/kernel-720d12a73e7ffebf)

running 91 tests
test caps::capability::tests::capability_carries_object_and_rights ... ok
test caps::capability::tests::derivation_only_diminishes ... ok
test caps::rights::tests::contains_is_subset_test ... ok
test caps::rights::tests::all_eight_rights_are_distinct ... ok
test fault::event::tests::lifecycle_forward_chain_only ... ok
test fault::event::tests::payload_is_immutable_by_construction ... ok
test caps::rights::tests::diminish_never_amplifies ... ok
test fault::event::tests::severity_is_derived_not_chosen ... ok
test fault::event::tests::skipping_and_rewinding_rejected ... ok
test fault::policy_tests::containment_preserves_other_tasks ... ok
test fault::policy_tests::faulting_a_dead_thread_is_an_invariant_violation ... ok
test fault::policy_tests::kernel_fault_triggers_panic_path ... ok
test fault::policy_tests::kernel_invariant_violation_from_user_scope_is_panic ... ok
test fault::policy_tests::user_fault_is_contained_and_marks_thread_faulted ... ok
test fault::wire::tests::bounded_channel_falls_back_to_default_policy ... ok
test fault::wire::tests::decode_rejects_forged_and_corrupt_reports ... ok
test fault::wire::tests::fault_event_reaches_supervisor_through_checked_ipc ... ok
test fault::wire::tests::recovery_decisions_are_validated ... ok
test fault::wire::tests::supervisor_cannot_bypass_capabilities ... ok
test fault::wire::tests::wire_round_trip ... ok
test ipc::endpoint::tests::endpoints_start_idle_and_empty ... ok
test ipc::message::tests::bounded_construction ... ok
test ipc::message::tests::max_size_accepted ... ok
test ipc::message::tests::message_is_a_copy_not_a_view ... ok
test ipc::message::tests::oversized_rejected_before_copy ... ok
test memory::address::tests::distinct_types_prevent_confusion ... ok
test memory::address::tests::kernel_and_user_ranges_are_disjoint ... ok
test memory::address::tests::page_alignment ... ok
test memory::frame::tests::double_allocate_rejected ... ok
test memory::frame::tests::double_free_rejected ... ok
test memory::frame::tests::free_pool_is_not_an_allocation_owner ... ok
test memory::frame::tests::lifecycle_happy_path ... ok
test memory::frame::tests::mapped_frame_cannot_be_freed ... ok
test memory::frame::tests::quarantine_is_terminal ... ok
test memory::pagetable::tests::device_mapping_is_kernel_only ... ok
test memory::pagetable::tests::double_mapping_same_page_rejected ... ok
test memory::pagetable::tests::foreign_frame_rejected ... ok
test memory::pagetable::tests::kernel_frame_never_user_mapped ... ok
test memory::pagetable::tests::map_and_lookup_user_page ... ok
test memory::pagetable::tests::mapped_frame_cannot_be_mapped_twice ... ok
test memory::pagetable::tests::misaligned_rejected ... ok
test memory::pagetable::tests::unmap_returns_frame_to_allocated ... ok
test memory::pagetable::tests::user_page_must_be_in_user_window ... ok
test memory::pagetable::tests::wx_user_mapping_rejected ... ok
test memory::paging::tests::arena_exhaustion_is_explicit ... ok
test memory::pagetable::tests::table_capacity_is_bounded ... ok
test memory::paging::tests::distinct_gigabyte_regions_get_separate_subtrees ... ok
test memory::paging::tests::double_map_rejected ... ok
test memory::paging::tests::identity_range_maps_every_page ... ok
test memory::paging::tests::map_then_translate_round_trip ... ok
test memory::paging::tests::offset_within_page_preserved ... ok
test memory::paging::tests::translate_unmapped_is_none ... ok
test memory::sv39::tests::kernel_rx_leaf_has_no_user_bit ... ok
test memory::sv39::tests::misaligned_rejected ... ok
test memory::sv39::tests::no_access_leaf_rejected ... ok
test memory::sv39::tests::pointer_is_not_a_leaf ... ok
test memory::sv39::tests::ppn_and_satp_encoding ... ok
test memory::sv39::tests::user_rw_leaf_sets_user_bit ... ok
test memory::sv39::tests::user_wx_rejected ... ok
test memory::sv39::tests::write_without_read_rejected ... ok
test monitor::event::tests::names_are_the_documented_nine ... ok
test monitor::event::tests::optional_fields_default_absent ... ok
test monitor::event::tests::severity_is_derived ... ok
test monitor::serial::tests::export_appends_newline_through_sink ... ok
test monitor::serial::tests::optional_fields_appear_only_when_present ... ok
test monitor::serial::tests::renders_mandatory_fields_in_stable_format ... ok
test monitor::serial::tests::worst_case_line_fits_without_truncation ... ok
test sched::priority::tests::ordering_follows_urgency ... ok
test sched::priority::tests::range_is_enforced ... ok
test sched::queue::tests::capacity_is_bounded ... ok
test sched::queue::tests::double_enqueue_rejected ... ok
test sched::queue::tests::fifo_within_level ... ok
test sched::queue::tests::higher_level_first ... ok
test sched::queue::tests::remove_preserves_order ... ok
test memory::sv39::tests::device_execute_rejected ... ok
test sched::tests::idle_when_empty ... ok
test sched::tests::selects_highest_priority_ready_thread ... ok
test sched::tests::stale_not_ready_entries_are_never_selected ... ok
test thread::context::arch::tests::layout_is_fixed_and_complete ... ok
test thread::context::tests::default_context_is_not_runnable ... ok
test thread::context::tests::null_resume_or_stack_rejected ... ok
test thread::context::tests::valid_context_is_runnable ... ok
test thread::state::tests::blocked_unblocks_to_ready_not_running ... ok
test thread::state::tests::faulted_never_returns_to_execution ... ok
test thread::state::tests::killed_is_terminal ... ok
test thread::state::tests::no_self_transitions ... ok
test thread::state::tests::only_ready_becomes_running ... ok
test thread::tests::born_ready ... ok
test thread::tests::faulted_thread_never_scheduled_again ... ok
test thread::tests::killed_thread_is_immutable ... ok
test thread::tests::run_yield_cycle ... ok

test result: ok. 91 passed; 0 failed; 0 ignored; 0 measured; 0 filtered out; finished in 0.00s

     Running unittests src/main.rs (target/x86_64-unknown-linux-gnu/debug/deps/kernel-91bd75ea1e96586e)

running 4 tests
test user::image::tests::kernel_entry_rejected ... ok
test user::image::tests::stack_geometry_validated ... ok
test user::image::tests::stack_must_stay_in_user_window ... ok
test user::image::tests::valid_image_accepted ... ok

test result: ok. 4 passed; 0 failed; 0 ignored; 0 measured; 0 filtered out; finished in 0.00s

     Running ../tests/capability_tests.rs (target/x86_64-unknown-linux-gnu/debug/deps/capability_tests-63b6cb0c40a35798)

running 7 tests
test insert_rules ... ok
test lookup_valid_capability ... ok
test query_reveals_own_authority_only_as_metadata ... ok
test reject_missing_capability ... ok
test reject_insufficient_rights ... ok
test reject_wrong_object_type ... ok
test revoked_capability_fails_lookup ... ok

test result: ok. 7 passed; 0 failed; 0 ignored; 0 measured; 0 filtered out; finished in 0.00s

     Running ../tests/ipc_capability_tests.rs (target/x86_64-unknown-linux-gnu/debug/deps/ipc_capability_tests-a4bfa92d795cc687)

running 7 tests
test ipc_with_capability_succeeds ... ok
test capability_is_bound_to_its_endpoint ... ok
test ipc_without_capability_fails ... ok
test recv_requires_receive_right ... ok
test revoked_capability_stops_ipc ... ok
test wrong_object_type_rejected ... ok
test send_requires_send_right ... ok

test result: ok. 7 passed; 0 failed; 0 ignored; 0 measured; 0 filtered out; finished in 0.00s

     Running ../tests/ipc_tests.rs (target/x86_64-unknown-linux-gnu/debug/deps/ipc_tests-90b5f2d5ee76e254)

running 10 tests
test bounded_no_second_sender_queue ... ok
test bounded_message_size_enforced_before_copy ... ok
test deterministic_same_history_same_outcome ... ok
test cancel_non_waiting_thread_is_noop ... ok
test cancel_parked_sender_drops_message_undelivered ... ok
test copy_semantics_no_shared_memory ... ok
test recv_blocks_if_no_sender ... ok
test receiver_first_rendezvous_delivers_to_waiting_receiver ... ok
test send_blocks_if_no_receiver ... ok
test sender_first_rendezvous_delivers_and_unblocks ... ok

test result: ok. 10 passed; 0 failed; 0 ignored; 0 measured; 0 filtered out; finished in 0.00s

     Running ../tests/scheduler_tests.rs (target/x86_64-unknown-linux-gnu/debug/deps/scheduler_tests-9a86ce9871938a74)

running 6 tests
test equal_priority_uses_deterministic_fifo_rule ... ok
test blocked_task_not_selected ... ok
test faulted_task_not_selected ... ok
test highest_priority_task_selected ... ok
test killed_task_not_selected ... ok
test killed_task_not_selected_even_if_still_queued ... ok

test result: ok. 6 passed; 0 failed; 0 ignored; 0 measured; 0 filtered out; finished in 0.00s

   Doc-tests kernel

running 0 tests

test result: ok. 0 passed; 0 failed; 0 ignored; 0 measured; 0 filtered out; finished in 0.00s


=== axiomctl host tests ===
    Finished `test` profile [unoptimized + debuginfo] target(s) in 0.00s
     Running unittests src/lib.rs (target/x86_64-unknown-linux-gnu/debug/deps/axiomctl-5c0a05b29b61b4dd)

running 13 tests
test events::tests::boot_banner_and_bare_fields ... ok
test events::tests::capability_denial ... ok
test events::tests::evt_monitor_line_uses_type_as_kind ... ok
test events::tests::foreign_lines_are_skipped_not_guessed ... ok
test events::tests::recovery_line ... ok
test events::tests::scheduler_line ... ok
test events::tests::task_started_line ... ok
test events::tests::ipc_flags_and_fields ... ok
test events::tests::watchdog_fault_is_watchdog_category ... ok
test events::tests::summary_covers_gate_categories ... ok
test events::tests::json_is_lossless_and_escaped ... ok
test events::tests::other_fault_stays_fault_category ... ok
test events::tests::parse_log_sequences_and_counts_skips ... ok

test result: ok. 13 passed; 0 failed; 0 ignored; 0 measured; 0 filtered out; finished in 0.00s

     Running unittests src/main.rs (target/x86_64-unknown-linux-gnu/debug/deps/axiomctl-70add2e6c23f9a41)

running 0 tests

test result: ok. 0 passed; 0 failed; 0 ignored; 0 measured; 0 filtered out; finished in 0.00s

   Doc-tests axiomctl

running 0 tests

test result: ok. 0 passed; 0 failed; 0 ignored; 0 measured; 0 filtered out; finished in 0.00s


=== supervisor host tests ===
    Finished `test` profile [unoptimized + debuginfo] target(s) in 0.00s
     Running unittests src/lib.rs (userland/supervisor/target/x86_64-unknown-linux-gnu/debug/deps/supervisor-efe639b3b7ec2ab9)

running 4 tests
test tests::empty_channel_reports_nothing_pending ... ok
test tests::policy_matches_documented_defaults ... ok
test tests::fault_event_reaches_supervisor_and_yields_explicit_decision ... ok
test tests::no_capability_means_no_fault_events ... ok

test result: ok. 4 passed; 0 failed; 0 ignored; 0 measured; 0 filtered out; finished in 0.00s

   Doc-tests supervisor

running 0 tests

test result: ok. 0 passed; 0 failed; 0 ignored; 0 measured; 0 filtered out; finished in 0.00s


=== coq models ===

=========================
VERIFY ALL: PASS
