
OpenSBI v1.8
   ____                    _____ ____ _____
  / __ \                  / ____|  _ \_   _|
 | |  | |_ __   ___ _ __ | (___ | |_) || |
 | |  | | '_ \ / _ \ '_ \ \___ \|  _ < | |
 | |__| | |_) |  __/ | | |____) | |_) || |_
  \____/| .__/ \___|_| |_|_____/|____/_____|
        | |
        |_|

Platform Name               : riscv-virtio,qemu
Platform Features           : medeleg
Platform HART Count         : 1
Platform HART Protection    : pmp
Platform IPI Device         : aclint-mswi
Platform Timer Device       : aclint-mtimer @ 10000000Hz
Platform Console Device     : uart8250
Platform HSM Device         : ---
Platform PMU Device         : ---
Platform Reboot Device      : syscon-reboot
Platform Shutdown Device    : syscon-poweroff
Platform Suspend Device     : ---
Platform CPPC Device        : ---
Firmware Base               : 0x80000000
Firmware Size               : 321 KB
Firmware RW Offset          : 0x40000
Firmware RW Size            : 65 KB
Firmware Heap Offset        : 0x47000
Firmware Heap Size          : 37 KB (total), 0 KB (reserved), 12 KB (used), 23 KB (free)
Firmware Scratch Size       : 4096 B (total), 1464 B (used), 2632 B (free)
Runtime SBI Version         : 3.0
Standard SBI Extensions     : ipi,pmu,srst,sse,hsm,rfnc,fwft,time,base,legacy,dbcn,dbtr
Experimental SBI Extensions : none

Domain0 Name                : root
Domain0 Boot HART           : 0
Domain0 HARTs               : 0*
Domain0 Region00            : 0x0000000080040000-0x000000008005ffff M: (F,R,W) S/U: ()
Domain0 Region01            : 0x0000000080000000-0x000000008003ffff M: (F,R,X) S/U: ()
Domain0 Region02            : 0x0000000000100000-0x0000000000100fff M: (I,R,W) S/U: (R,W)
Domain0 Region03            : 0x0000000010000000-0x0000000010000fff M: (I,R,W) S/U: (R,W)
Domain0 Region04            : 0x0000000002000000-0x000000000200ffff M: (I,R,W) S/U: ()
Domain0 Region05            : 0x000000000c400000-0x000000000c5fffff M: (I,R,W) S/U: (R,W)
Domain0 Region06            : 0x000000000c000000-0x000000000c3fffff M: (I,R,W) S/U: (R,W)
Domain0 Region07            : 0x0000000000000000-0xffffffffffffffff M: () S/U: (R,W,X)
Domain0 Next Address        : 0x0000000080200000
Domain0 Next Arg1           : 0x0000000087e00000
Domain0 Next Mode           : S-mode
Domain0 SysReset            : yes
Domain0 SysSuspend          : yes

Boot HART ID                : 0
Boot HART Domain            : root
Boot HART Priv Version      : v1.12
Boot HART Base ISA          : rv64imafdch
Boot HART ISA Extensions    : sstc,zicntr,zihpm,zicboz,zicbom,sdtrig,svadu
Boot HART PMP Count         : 16
Boot HART PMP Granularity   : 2 bits
Boot HART PMP Address Bits  : 54
Boot HART MHPM Info         : 16 (0x0007fff8)
Boot HART Debug Triggers    : 2 triggers
Boot HART MIDELEG           : 0x0000000000001666
Boot HART MEDELEG           : 0x0000000000f4b509
AxiomRT kernel booted
arch=riscv64
phase=boot
MMU status=enabled mode=sv39 scope=kernel
TASK_STARTED task=init_service
SERVICE started=supervisor_service
SERVICE started=logger_service
SERVICE started=console_service
SERVICE started=shell_service
SYSCALL name=sys_exit task=init_service
TASK_EXITED task=init_service
SCHED selected=supervisor_service
IPC recv task=supervisor_service
IPC endpoint=log op=recv state=blocked
SCHED selected=logger_service
IPC recv task=logger_service
IPC endpoint=log op=recv state=blocked
SCHED selected=shell_service
AxiomRT shell ready (evaluation stage, no certification claim)
axiom> IPC recv task=shell_service
IPC endpoint=log op=recv state=blocked
SCHED selected=console_service
TIMER tick=1
TIMER tick=2
TIMER tick=3
help
IPC send task=console_service
IPC endpoint=log op=send
SYSCALL name=sys_yield task=console_service
SCHED selected=shell_service
IPC delivered bytes=4
commands: help version tasks faults ipc caps memory uptime events
          run demo | kill <idx> | restart <idx> | clear | shutdown
axiom> IPC recv task=shell_service
IPC endpoint=log op=recv state=blocked
SCHED selected=console_service
tasks
IPC send task=console_service
IPC endpoint=log op=send
SYSCALL name=sys_yield task=console_service
SCHED selected=shell_service
IPC delivered bytes=5
task idx=0 name=init_service prio=7 state=killed
task idx=1 name=supervisor_service prio=6 state=blocked
task idx=2 name=logger_service prio=5 state=blocked
task idx=3 name=console_service prio=1 state=ready
task idx=4 name=shell_service prio=3 state=running
axiom> IPC recv task=shell_service
IPC endpoint=log op=recv state=blocked
SCHED selected=console_service
run demo
IPC send task=console_service
IPC endpoint=log op=send
SYSCALL name=sys_yield task=console_service
SCHED selected=shell_service
IPC delivered bytes=8
demo: starting faulty_task (watch containment + recovery)
SERVICE started=faulty_task
axiom> IPC recv task=shell_service
IPC endpoint=log op=recv state=blocked
SCHED selected=faulty_task
CAP_DENIED task=faulty_task reason=no_valid_capability
IPC state=unchanged
FAULT type=WatchdogTimeout task=faulty_task
CONTAIN scope=user reason=watchdog_timeout action=faulted kernel=alive
IPC delivered fault_event to=supervisor_task from=faulty_task
LOGGER event=TASK_FAULTED task=faulty_task
SCHED selected=supervisor_service
IPC delivered bytes=1
SUPERVISOR decision=Kill by=supervisor_service
RECOVERY_APPLIED policy=Kill
IPC recv task=supervisor_service
IPC endpoint=log op=recv state=blocked
SCHED selected=logger_service
IPC delivered bytes=1
IPC recv task=logger_service
IPC endpoint=log op=recv state=blocked
SCHED selected=console_service
uptime
IPC send task=console_service
IPC endpoint=log op=send
SYSCALL name=sys_yield task=console_service
SCHED selected=shell_service
IPC delivered bytes=6
uptime ticks=887 tick_interval=100000 timebase_hz=10000000
axiom> IPC recv task=shell_service
IPC endpoint=log op=recv state=blocked
SCHED selected=console_service
events
IPC send task=console_service
IPC endpoint=log op=send
SYSCALL name=sys_yield task=console_service
SCHED selected=shell_service
IPC delivered bytes=6
evt kind=task_started task=supervisor_service
evt kind=task_started task=logger_service
evt kind=task_started task=console_service
evt kind=task_started task=shell_service
evt kind=task_exited task=init_service
evt kind=task_started task=faulty_task
evt kind=cap_denied task=faulty_task
evt kind=fault task=faulty_task
evt kind=recovery_applied task=supervisor_service
axiom> IPC recv task=shell_service
IPC endpoint=log op=recv state=blocked
SCHED selected=console_service
shutdown
IPC send task=console_service
IPC endpoint=log op=send
SYSCALL name=sys_yield task=console_service
SCHED selected=shell_service
IPC delivered bytes=8
shutting down
SHUTDOWN controlled=true by=shell_service
